<?xml version="1.0" encoding="UTF-8"?>
<!-- Generated by org.testng.reporters.JUnitReportReporter -->
<testsuite skipped="0" hostname="Sanghavis-MacBook-Air.local" name="E2EProject.calenderApp.LoginValidation" tests="2" failures="0" timestamp="2021-04-03T16:03:34 EDT" time="16.980" errors="0">
  <testcase name="invokingLoginPage" time="8.637" classname="E2EProject.calenderApp.LoginValidation"/>
  <system-out/>
  <testcase name="invokingLoginPage" time="8.343" classname="E2EProject.calenderApp.LoginValidation"/>
  <system-out/>
</testsuite> <!-- E2EProject.calenderApp.LoginValidation -->
