<?xml version="1.0" encoding="UTF-8"?>
<!-- Generated by org.testng.reporters.JUnitReportReporter -->
<testsuite skipped="0" hostname="Sanghavis-MacBook-Air.local" name="E2EProject.calenderApp.regPageValidation" tests="2" failures="0" timestamp="2021-04-03T16:03:34 EDT" time="16.022" errors="0">
  <testcase name="invokingRegistrationPage" time="6.654" classname="E2EProject.calenderApp.regPageValidation"/>
  <system-out/>
  <testcase name="invokingRegistrationPage" time="9.368" classname="E2EProject.calenderApp.regPageValidation"/>
  <system-out/>
</testsuite> <!-- E2EProject.calenderApp.regPageValidation -->
